# JRE version: Java(TM) SE Runtime Environment (7.0_45-b18) (build 1.7.0_45-b18)
# Java VM: Java HotSpot(TM) 64-Bit Server VM (24.45-b08 mixed mode windows-amd64 compressed oops)
Heap
 PSYoungGen      total 29184K, used 25729K [0x00000000ebc80000, 0x00000000ee000000, 0x0000000100000000)
  eden space 24064K, 99% used [0x00000000ebc80000,0x00000000ed3cd1b8,0x00000000ed400000)
  from space 5120K, 36% used [0x00000000edb00000,0x00000000edcd34c0,0x00000000ee000000)
  to   space 6144K, 0% used [0x00000000ed400000,0x00000000ed400000,0x00000000eda00000)
 ParOldGen       total 40960K, used 22704K [0x00000000c3600000, 0x00000000c5e00000, 0x00000000ebc80000)
  object space 40960K, 55% used [0x00000000c3600000,0x00000000c4c2c238,0x00000000c5e00000)
 PSPermGen       total 26112K, used 25659K [0x00000000be400000, 0x00000000bfd80000, 0x00000000c3600000)
  object space 26112K, 98% used [0x00000000be400000,0x00000000bfd0edd8,0x00000000bfd80000)
GC Heap History (10 events):
Event: 81.177 GC heap before
{Heap before GC invocations=14 (full 0):
 PSYoungGen      total 28160K, used 27680K [0x00000000ebc80000, 0x00000000ee480000, 0x0000000100000000)
  eden space 26624K, 100% used [0x00000000ebc80000,0x00000000ed680000,0x00000000ed680000)
  from space 1536K, 68% used [0x00000000ed700000,0x00000000ed808000,0x00000000ed880000)
  to   space 7168K, 0% used [0x00000000edd80000,0x00000000edd80000,0x00000000ee480000)
 ParOldGen       total 40960K, used 17755K [0x00000000c3600000, 0x00000000c5e00000, 0x00000000ebc80000)
  object space 40960K, 43% used [0x00000000c3600000,0x00000000c4756d28,0x00000000c5e00000)
 PSPermGen       total 24064K, used 23960K [0x00000000be400000, 0x00000000bfb80000, 0x00000000c3600000)
  object space 24064K, 99% used [0x00000000be400000,0x00000000bfb66270,0x00000000bfb80000)
Event: 81.182 GC heap after
Heap after GC invocations=14 (full 0):
 PSYoungGen      total 32768K, used 1136K [0x00000000ebc80000, 0x00000000ee400000, 0x0000000100000000)
  eden space 26112K, 0% used [0x00000000ebc80000,0x00000000ebc80000,0x00000000ed600000)
  from space 6656K, 17% used [0x00000000edd80000,0x00000000ede9c010,0x00000000ee400000)
  to   space 7168K, 0% used [0x00000000ed600000,0x00000000ed600000,0x00000000edd00000)
 ParOldGen       total 40960K, used 18787K [0x00000000c3600000, 0x00000000c5e00000, 0x00000000ebc80000)
  object space 40960K, 45% used [0x00000000c3600000,0x00000000c4858d28,0x00000000c5e00000)
 PSPermGen       total 24064K, used 23960K [0x00000000be400000, 0x00000000bfb80000, 0x00000000c3600000)
  object space 24064K, 99% used [0x00000000be400000,0x00000000bfb66270,0x00000000bfb80000)
}
Event: 82.186 GC heap before
{Heap before GC invocations=15 (full 0):
 PSYoungGen      total 32768K, used 27248K [0x00000000ebc80000, 0x00000000ee400000, 0x0000000100000000)
  eden space 26112K, 100% used [0x00000000ebc80000,0x00000000ed600000,0x00000000ed600000)
  from space 6656K, 17% used [0x00000000edd80000,0x00000000ede9c010,0x00000000ee400000)
  to   space 7168K, 0% used [0x00000000ed600000,0x00000000ed600000,0x00000000edd00000)
 ParOldGen       total 40960K, used 18787K [0x00000000c3600000, 0x00000000c5e00000, 0x00000000ebc80000)
  object space 40960K, 45% used [0x00000000c3600000,0x00000000c4858d28,0x00000000c5e00000)
 PSPermGen       total 24064K, used 23975K [0x00000000be400000, 0x00000000bfb80000, 0x00000000c3600000)
  object space 24064K, 99% used [0x00000000be400000,0x00000000bfb69d88,0x00000000bfb80000)
Event: 82.191 GC heap after
Heap after GC invocations=15 (full 0):
 PSYoungGen      total 27136K, used 1088K [0x00000000ebc80000, 0x00000000ee380000, 0x0000000100000000)
  eden space 25600K, 0% used [0x00000000ebc80000,0x00000000ebc80000,0x00000000ed580000)
  from space 1536K, 70% used [0x00000000ed600000,0x00000000ed710000,0x00000000ed780000)
  to   space 7168K, 0% used [0x00000000edc80000,0x00000000edc80000,0x00000000ee380000)
 ParOldGen       total 40960K, used 19847K [0x00000000c3600000, 0x00000000c5e00000, 0x00000000ebc80000)
  object space 40960K, 48% used [0x00000000c3600000,0x00000000c4961d78,0x00000000c5e00000)
 PSPermGen       total 24064K, used 23975K [0x00000000be400000, 0x00000000bfb80000, 0x00000000c3600000)
  object space 24064K, 99% used [0x00000000be400000,0x00000000bfb69d88,0x00000000bfb80000)
}
Event: 144.899 GC heap before
{Heap before GC invocations=16 (full 0):
 PSYoungGen      total 27136K, used 26688K [0x00000000ebc80000, 0x00000000ee380000, 0x0000000100000000)
  eden space 25600K, 100% used [0x00000000ebc80000,0x00000000ed580000,0x00000000ed580000)
  from space 1536K, 70% used [0x00000000ed600000,0x00000000ed710000,0x00000000ed780000)
  to   space 7168K, 0% used [0x00000000edc80000,0x00000000edc80000,0x00000000ee380000)
 ParOldGen       total 40960K, used 19847K [0x00000000c3600000, 0x00000000c5e00000, 0x00000000ebc80000)
  object space 40960K, 48% used [0x00000000c3600000,0x00000000c4961d78,0x00000000c5e00000)
 PSPermGen       total 24064K, used 23989K [0x00000000be400000, 0x00000000bfb80000, 0x00000000c3600000)
  object space 24064K, 99% used [0x00000000be400000,0x00000000bfb6d668,0x00000000bfb80000)
Event: 144.904 GC heap after
Heap after GC invocations=16 (full 0):
 PSYoungGen      total 30720K, used 1417K [0x00000000ebc80000, 0x00000000ee200000, 0x0000000100000000)
  eden space 25088K, 0% used [0x00000000ebc80000,0x00000000ebc80000,0x00000000ed500000)
  from space 5632K, 25% used [0x00000000edc80000,0x00000000edde2590,0x00000000ee200000)
  to   space 6656K, 0% used [0x00000000ed500000,0x00000000ed500000,0x00000000edb80000)
 ParOldGen       total 40960K, used 20919K [0x00000000c3600000, 0x00000000c5e00000, 0x00000000ebc80000)
  object space 40960K, 51% used [0x00000000c3600000,0x00000000c4a6ddd8,0x00000000c5e00000)
 PSPermGen       total 24064K, used 23989K [0x00000000be400000, 0x00000000bfb80000, 0x00000000c3600000)
  object space 24064K, 99% used [0x00000000be400000,0x00000000bfb6d668,0x00000000bfb80000)
}
Event: 204.901 GC heap before
{Heap before GC invocations=17 (full 0):
 PSYoungGen      total 30720K, used 26505K [0x00000000ebc80000, 0x00000000ee200000, 0x0000000100000000)
  eden space 25088K, 100% used [0x00000000ebc80000,0x00000000ed500000,0x00000000ed500000)
  from space 5632K, 25% used [0x00000000edc80000,0x00000000edde2590,0x00000000ee200000)
  to   space 6656K, 0% used [0x00000000ed500000,0x00000000ed500000,0x00000000edb80000)
 ParOldGen       total 40960K, used 20919K [0x00000000c3600000, 0x00000000c5e00000, 0x00000000ebc80000)
  object space 40960K, 51% used [0x00000000c3600000,0x00000000c4a6ddd8,0x00000000c5e00000)
 PSPermGen       total 24064K, used 24004K [0x00000000be400000, 0x00000000bfb80000, 0x00000000c3600000)
  object space 24064K, 99% used [0x00000000be400000,0x00000000bfb71270,0x00000000bfb80000)
Event: 204.915 GC heap after
Heap after GC invocations=17 (full 0):
 PSYoungGen      total 26112K, used 1259K [0x00000000ebc80000, 0x00000000ee180000, 0x0000000100000000)
  eden space 24576K, 0% used [0x00000000ebc80000,0x00000000ebc80000,0x00000000ed480000)
  from space 1536K, 82% used [0x00000000ed500000,0x00000000ed63aee0,0x00000000ed680000)
  to   space 6656K, 0% used [0x00000000edb00000,0x00000000edb00000,0x00000000ee180000)
 ParOldGen       total 40960K, used 21700K [0x00000000c3600000, 0x00000000c5e00000, 0x00000000ebc80000)
  object space 40960K, 52% used [0x00000000c3600000,0x00000000c4b31358,0x00000000c5e00000)
 PSPermGen       total 24064K, used 24004K [0x00000000be400000, 0x00000000bfb80000, 0x00000000c3600000)
  object space 24064K, 99% used [0x00000000be400000,0x00000000bfb71270,0x00000000bfb80000)
}
Event: 268.910 GC heap before
{Heap before GC invocations=18 (full 0):
 PSYoungGen      total 26112K, used 25835K [0x00000000ebc80000, 0x00000000ee180000, 0x0000000100000000)
  eden space 24576K, 100% used [0x00000000ebc80000,0x00000000ed480000,0x00000000ed480000)
  from space 1536K, 82% used [0x00000000ed500000,0x00000000ed63aee0,0x00000000ed680000)
  to   space 6656K, 0% used [0x00000000edb00000,0x00000000edb00000,0x00000000ee180000)
 ParOldGen       total 40960K, used 21700K [0x00000000c3600000, 0x00000000c5e00000, 0x00000000ebc80000)
  object space 40960K, 52% used [0x00000000c3600000,0x00000000c4b31358,0x00000000c5e00000)
 PSPermGen       total 25600K, used 25257K [0x00000000be400000, 0x00000000bfd00000, 0x00000000c3600000)
  object space 25600K, 98% used [0x00000000be400000,0x00000000bfcaa660,0x00000000bfd00000)
Event: 268.917 GC heap after
Heap after GC invocations=18 (full 0):
 PSYoungGen      total 29184K, used 1869K [0x00000000ebc80000, 0x00000000ee000000, 0x0000000100000000)
  eden space 24064K, 0% used [0x00000000ebc80000,0x00000000ebc80000,0x00000000ed400000)
  from space 5120K, 36% used [0x00000000edb00000,0x00000000edcd34c0,0x00000000ee000000)
  to   space 6144K, 0% used [0x00000000ed400000,0x00000000ed400000,0x00000000eda00000)
 ParOldGen       total 40960K, used 22704K [0x00000000c3600000, 0x00000000c5e00000, 0x00000000ebc80000)
  object space 40960K, 55% used [0x00000000c3600000,0x00000000c4c2c238,0x00000000c5e00000)
 PSPermGen       total 25600K, used 25257K [0x00000000be400000, 0x00000000bfd00000, 0x00000000c3600000)
  object space 25600K, 98% used [0x00000000be400000,0x00000000bfcaa660,0x00000000bfd00000)
}

